[Thu Jan 26 - 10:46:24 AM] Update Sequence for Plants and Planters - Henry William Ravenel Initiated.

[Thu Jan 26 - 10:46:24 AM] University of South Carolina's CONTENTdm Updating Sequence Initiated.
[Thu Jan 26 - 10:48:04 AM] 	Double spacing discovered (8015): Dubose, Julius  J.
[Thu Jan 26 - 10:48:04 AM] 	Double spacing discovered (8016): Dubose, Julius  J.
[Thu Jan 26 - 10:48:04 AM] 	Double spacing discovered (8017): Dubose, Julius  J.
[Thu Jan 26 - 10:48:04 AM] 	Double spacing discovered (8018): Dubose, Julius  J.
[Thu Jan 26 - 10:48:38 AM] 	Double spacing discovered (8844): Cooke,  Mordecai Cubitt, 1825-1914
[Thu Jan 26 - 10:48:53 AM] 	Semicolon discovered (9115): Gaillard, Peter C, 1812-1889; Gamgee, John, and Ravenel, Henry Williaim, 1814-1887
[Thu Jan 26 - 10:48:53 AM] 	Semicolon discovered (9117): Meehan, Thomas, 1826-1901;
[Thu Jan 26 - 10:48:53 AM] 	Semicolon discovered (9118): Wood, Horatio C., Jr.;
[Thu Jan 26 - 10:48:53 AM] 	Semicolon discovered (9137): Austin, Coe Finch, 1831-1880;
[Thu Jan 26 - 10:48:54 AM] The following results were returned: (02:29 minutes)

[Thu Jan 26 - 10:48:54 AM]   Manuscripts Checked:  3743
[Thu Jan 26 - 10:48:54 AM]   Letters Discovered:    228
[Thu Jan 26 - 10:48:54 AM]   Letter Coordinates:    215
[Thu Jan 26 - 10:48:54 AM]   Date Values Added:   10001
[Thu Jan 26 - 10:48:54 AM]   Geogra Values Added:   123
[Thu Jan 26 - 10:48:54 AM]   People Values Added:   234
[Thu Jan 26 - 10:48:54 AM]   Scient Values Added:  1070

[Thu Jan 26 - 10:48:54 AM] University of South Carolina's CONTENTdm Updating Sequence Complete.

[Thu Jan 26 - 10:48:54 AM] Specimens Updating Sequence Initiated.
[Thu Jan 26 - 10:48:55 AM] People Updating Sequence Initiated.
[Thu Jan 26 - 10:48:58 AM] Location Updating Sequence Initiated.
[Thu Jan 26 - 10:49:16 AM] The following results were returned: (22.7759 seconds)

[Thu Jan 26 - 10:49:16 AM]   Unique Locations Added: 572

[Thu Jan 26 - 10:49:16 AM]   Total Locations Counted: 4718

[Thu Jan 26 - 10:49:16 AM]   Unique People Added:  228
[Thu Jan 26 - 10:49:16 AM]   Total People Counted: 4747

[Thu Jan 26 - 10:49:16 AM]   Unique Specimens Added:  2517
[Thu Jan 26 - 10:49:16 AM]   Total Specimens Counted: 5368

[Thu Jan 26 - 10:49:16 AM] Specimens Updating Sequence Complete.

[Thu Jan 26 - 10:49:16 AM] Clemson University's CONTENTdm Updating Sequence Initiated.
[Thu Jan 26 - 10:49:17 AM] (752) Detected geogra value with beginning parentheses: (Ga.)
[Thu Jan 26 - 10:49:17 AM] (752) Detected geogra value with beginning parentheses: (N.C.)
[Thu Jan 26 - 10:49:17 AM] (752) Detected geogra value with beginning parentheses: (S.C.)
[Thu Jan 26 - 10:49:58 AM] 	Double spacing discovered (1238): Porcher, Francis Peyre,  1825-1895
[Thu Jan 26 - 10:50:18 AM] The following results were returned: (01:01 minutes)

[Thu Jan 26 - 10:50:18 AM]   Manuscripts Checked: 724
[Thu Jan 26 - 10:50:18 AM]   Letters Discovered:  224
[Thu Jan 26 - 10:50:18 AM]   Letter Coordinates:  216
[Thu Jan 26 - 10:50:18 AM]   Date Values Added:    92
[Thu Jan 26 - 10:50:18 AM]   Geogra Values Added:  34
[Thu Jan 26 - 10:50:18 AM]   Creato Values Added: 107
[Thu Jan 26 - 10:50:18 AM]   Scient Values Added:  86

[Thu Jan 26 - 10:50:18 AM] Clemson University's CONTENTdm Updating Sequence Complete.


Warning: array_multisort(): Argument #1 is an unknown sort flag in /var/www/html/ravenel/includes/update-with-location on line 88
[Thu Jan 26 - 10:50:18 AM] Rewriting Database... Done!

[Thu Jan 26 - 10:50:18 AM] Parsing Data for Letter Map Sequence Initiated.
[Thu Jan 26 - 10:50:18 AM] Letter Map has 330 points. (0.0105 seconds)
[Thu Jan 26 - 10:50:18 AM] Rewriting Letter Map Data... Done!
[Thu Jan 26 - 10:50:18 AM] Parsing Data for Letter Map Sequence Complete.

[Thu Jan 26 - 10:50:18 AM] Update Sequence for Plants and Planters - Henry William Ravenel Complete.
[Thu Jan 26 - 10:50:18 AM] Time: 03:53 minutes
